2019-02-14 14:41:33,867  WARN [ModalContext] - ScalaProject - Project TP_TDD has platform default sourceLevel.
2019-02-14 14:41:33,870  WARN [ModalContext] - ScalaProject - Project TP_TDD runs on platform default installation.
2019-02-14 14:41:34,298  WARN [ModalContext] - ScalaProject - Project TP_TDD has platform default sourceLevel.
2019-02-14 14:41:34,298  WARN [ModalContext] - ScalaProject - Project TP_TDD runs on platform default installation.
2019-02-14 14:41:35,101  WARN [Worker-3] - ScalaProject - Project TP_TDD has platform default sourceLevel.
2019-02-14 14:41:35,122  WARN [Worker-3] - ScalaProject - Project TP_TDD runs on platform default installation.
2019-02-14 14:41:35,632  WARN [Worker-6] - ScalaProject - Project TP_TDD has platform default sourceLevel.
2019-02-14 14:41:35,632  WARN [Worker-6] - ScalaProject - Project TP_TDD runs on platform default installation.
2019-02-14 15:44:33,416  WARN [main] - ScalaProject - Project PRETTY-PRINTER has platform default sourceLevel.
2019-02-14 15:44:33,416  WARN [main] - ScalaProject - Project PRETTY-PRINTER runs on platform default installation.
2019-02-14 15:44:33,417 ERROR [main] - ScalaProject - Java Model Exception: Java Model Status [PRETTY-PRINTER does not exist]
2019-02-14 15:44:33,418 ERROR [main] - ScalaProject - Java Model Exception: Java Model Status [PRETTY-PRINTER does not exist]
2019-02-14 15:44:35,108 ERROR [main] - org.scala-ide.sdt.core - org.scala-ide.sdt.core - org.scala-ide.sdt.core - 0 - Error thrown while initializing the presentation compiler.
Java Model Exception: Java Model Status [PRETTY-PRINTER does not exist]
	at org.eclipse.jdt.internal.core.JavaElement.newNotPresentException(JavaElement.java:556)
	at org.eclipse.jdt.internal.core.JavaModelManager.getPerProjectInfoCheckExistence(JavaModelManager.java:2451)
	at org.eclipse.jdt.internal.core.JavaProject.getPerProjectInfo(JavaProject.java:1903)
	at org.eclipse.jdt.internal.core.JavaProject.getRawClasspath(JavaProject.java:1925)
	at org.scalaide.core.internal.project.ClasspathManagement.jdkPaths(ClasspathManagement.scala:149)
	at org.scalaide.core.internal.project.ClasspathManagement.jdkPaths$(ClasspathManagement.scala:148)
	at org.scalaide.core.internal.project.ScalaProject.jdkPaths(ScalaProject.scala:150)
	at org.scalaide.core.internal.project.ClasspathManagement.scalaClasspath(ClasspathManagement.scala:136)
	at org.scalaide.core.internal.project.ClasspathManagement.scalaClasspath$(ClasspathManagement.scala:135)
	at org.scalaide.core.internal.project.ScalaProject.scalaClasspath(ScalaProject.scala:150)
	at org.scalaide.core.internal.project.ScalaProject.setupCompilerClasspath(ScalaProject.scala:498)
	at org.scalaide.core.internal.project.ScalaProject.initializeCompilerSettings(ScalaProject.scala:485)
	at org.scalaide.core.internal.project.ScalaProject.prepareCompilerSettings(ScalaProject.scala:438)
	at org.scalaide.core.internal.project.ScalaProject.$anonfun$presentationCompiler$1(ScalaProject.scala:162)
	at org.scalaide.core.internal.compiler.PresentationCompilerProxy.liftedTree1$1(PresentationCompilerProxy.scala:154)
	at org.scalaide.core.internal.compiler.PresentationCompilerProxy.create(PresentationCompilerProxy.scala:153)
	at org.scalaide.core.internal.compiler.PresentationCompilerProxy.initialize(PresentationCompilerProxy.scala:118)
	at org.scalaide.core.internal.compiler.PresentationCompilerProxy.obtainPc$1(PresentationCompilerProxy.scala:80)
	at org.scalaide.core.internal.compiler.PresentationCompilerProxy.internal(PresentationCompilerProxy.scala:100)
	at org.scalaide.core.internal.jdt.model.ScalaCompilationUnit.buildStructure(ScalaCompilationUnit.scala:113)
	at org.scalaide.core.internal.jdt.model.ScalaCompilationUnit.buildStructure$(ScalaCompilationUnit.scala:110)
	at org.scalaide.core.internal.jdt.model.ScalaSourceFile.buildStructure(ScalaSourceFile.scala:71)
	at org.eclipse.jdt.internal.core.Openable.generateInfos(Openable.java:259)
	at org.eclipse.jdt.internal.core.JavaElement.openWhenClosed(JavaElement.java:579)
	at org.eclipse.jdt.internal.core.BecomeWorkingCopyOperation.executeOperation(BecomeWorkingCopyOperation.java:39)
	at org.eclipse.jdt.internal.core.JavaModelOperation.run(JavaModelOperation.java:724)
	at org.eclipse.jdt.internal.core.JavaModelOperation.runOperation(JavaModelOperation.java:790)
	at org.eclipse.jdt.internal.core.CompilationUnit.becomeWorkingCopy(CompilationUnit.java:99)
	at org.eclipse.jdt.internal.ui.javaeditor.CompilationUnitDocumentProvider.createFileInfo(CompilationUnitDocumentProvider.java:1031)
	at org.eclipse.ui.editors.text.TextFileDocumentProvider.connect(TextFileDocumentProvider.java:478)
	at org.eclipse.jdt.internal.ui.javaeditor.CompilationUnitDocumentProvider.connect(CompilationUnitDocumentProvider.java:1274)
	at org.eclipse.ui.texteditor.AbstractTextEditor.doSetInput(AbstractTextEditor.java:4178)
	at org.eclipse.ui.texteditor.StatusTextEditor.doSetInput(StatusTextEditor.java:257)
	at org.eclipse.ui.texteditor.AbstractDecoratedTextEditor.doSetInput(AbstractDecoratedTextEditor.java:1466)
	at org.eclipse.jdt.internal.ui.javaeditor.JavaEditor.internalDoSetInput(JavaEditor.java:2557)
	at org.eclipse.jdt.internal.ui.javaeditor.JavaEditor.doSetInput(JavaEditor.java:2530)
	at org.eclipse.jdt.internal.ui.javaeditor.CompilationUnitEditor.doSetInput(CompilationUnitEditor.java:1417)
	at org.eclipse.ui.texteditor.AbstractTextEditor$5.run(AbstractTextEditor.java:3154)
	at org.eclipse.jface.operation.ModalContext.runInCurrentThread(ModalContext.java:437)
	at org.eclipse.jface.operation.ModalContext.run(ModalContext.java:353)
	at org.eclipse.ui.internal.WorkbenchWindow$14.run(WorkbenchWindow.java:2195)
	at org.eclipse.swt.custom.BusyIndicator.showWhile(BusyIndicator.java:70)
	at org.eclipse.ui.internal.WorkbenchWindow.run(WorkbenchWindow.java:2191)
	at org.eclipse.ui.texteditor.AbstractTextEditor.internalInit(AbstractTextEditor.java:3172)
	at org.eclipse.ui.texteditor.AbstractTextEditor.init(AbstractTextEditor.java:3197)
	at org.eclipse.ui.internal.EditorReference.initialize(EditorReference.java:362)
	at org.eclipse.ui.internal.e4.compatibility.CompatibilityPart.create(CompatibilityPart.java:333)
	at sun.reflect.NativeMethodAccessorImpl.invoke0(Native Method)
	at sun.reflect.NativeMethodAccessorImpl.invoke(NativeMethodAccessorImpl.java:62)
	at sun.reflect.DelegatingMethodAccessorImpl.invoke(DelegatingMethodAccessorImpl.java:43)
	at java.lang.reflect.Method.invoke(Method.java:498)
	at org.eclipse.e4.core.internal.di.MethodRequestor.execute(MethodRequestor.java:55)
	at org.eclipse.e4.core.internal.di.InjectorImpl.processAnnotated(InjectorImpl.java:990)
	at org.eclipse.e4.core.internal.di.InjectorImpl.processAnnotated(InjectorImpl.java:955)
	at org.eclipse.e4.core.internal.di.InjectorImpl.inject(InjectorImpl.java:124)
	at org.eclipse.e4.core.internal.di.InjectorImpl.internalMake(InjectorImpl.java:399)
	at org.eclipse.e4.core.internal.di.InjectorImpl.make(InjectorImpl.java:318)
	at org.eclipse.e4.core.contexts.ContextInjectionFactory.make(ContextInjectionFactory.java:162)
	at org.eclipse.e4.ui.internal.workbench.ReflectionContributionFactory.createFromBundle(ReflectionContributionFactory.java:105)
	at org.eclipse.e4.ui.internal.workbench.ReflectionContributionFactory.doCreate(ReflectionContributionFactory.java:74)
	at org.eclipse.e4.ui.internal.workbench.ReflectionContributionFactory.create(ReflectionContributionFactory.java:56)
	at org.eclipse.e4.ui.workbench.renderers.swt.ContributedPartRenderer.createWidget(ContributedPartRenderer.java:129)
	at org.eclipse.e4.ui.internal.workbench.swt.PartRenderingEngine.createWidget(PartRenderingEngine.java:992)
	at org.eclipse.e4.ui.internal.workbench.swt.PartRenderingEngine.safeCreateGui(PartRenderingEngine.java:661)
	at org.eclipse.e4.ui.internal.workbench.swt.PartRenderingEngine.safeCreateGui(PartRenderingEngine.java:767)
	at org.eclipse.e4.ui.internal.workbench.swt.PartRenderingEngine.access$0(PartRenderingEngine.java:738)
	at org.eclipse.e4.ui.internal.workbench.swt.PartRenderingEngine$2.run(PartRenderingEngine.java:732)
	at org.eclipse.core.runtime.SafeRunner.run(SafeRunner.java:42)
	at org.eclipse.e4.ui.internal.workbench.swt.PartRenderingEngine.createGui(PartRenderingEngine.java:716)
	at org.eclipse.e4.ui.workbench.renderers.swt.StackRenderer.showTab(StackRenderer.java:1293)
	at org.eclipse.e4.ui.workbench.renderers.swt.LazyStackRenderer.lambda$0(LazyStackRenderer.java:68)
	at org.eclipse.e4.ui.services.internal.events.UIEventHandler$1.run(UIEventHandler.java:40)
	at org.eclipse.swt.widgets.Synchronizer.syncExec(Synchronizer.java:233)
	at org.eclipse.ui.internal.UISynchronizer.syncExec(UISynchronizer.java:144)
	at org.eclipse.swt.widgets.Display.syncExec(Display.java:5455)
	at org.eclipse.e4.ui.internal.workbench.swt.E4Application$1.syncExec(E4Application.java:212)
	at org.eclipse.e4.ui.services.internal.events.UIEventHandler.handleEvent(UIEventHandler.java:36)
	at org.eclipse.equinox.internal.event.EventHandlerWrapper.handleEvent(EventHandlerWrapper.java:201)
	at org.eclipse.equinox.internal.event.EventHandlerTracker.dispatchEvent(EventHandlerTracker.java:197)
	at org.eclipse.equinox.internal.event.EventHandlerTracker.dispatchEvent(EventHandlerTracker.java:1)
	at org.eclipse.osgi.framework.eventmgr.EventManager.dispatchEvent(EventManager.java:230)
	at org.eclipse.osgi.framework.eventmgr.ListenerQueue.dispatchEventSynchronous(ListenerQueue.java:148)
	at org.eclipse.equinox.internal.event.EventAdminImpl.dispatchEvent(EventAdminImpl.java:135)
	at org.eclipse.equinox.internal.event.EventAdminImpl.sendEvent(EventAdminImpl.java:78)
	at org.eclipse.equinox.internal.event.EventComponent.sendEvent(EventComponent.java:39)
	at org.eclipse.e4.ui.services.internal.events.EventBroker.send(EventBroker.java:52)
	at org.eclipse.e4.ui.internal.workbench.UIEventPublisher.notifyChanged(UIEventPublisher.java:60)
	at org.eclipse.emf.common.notify.impl.BasicNotifierImpl.eNotify(BasicNotifierImpl.java:374)
	at org.eclipse.e4.ui.model.application.ui.impl.ElementContainerImpl.setSelectedElement(ElementContainerImpl.java:173)
	at org.eclipse.e4.ui.internal.workbench.ModelServiceImpl.showElementInWindow(ModelServiceImpl.java:620)
	at org.eclipse.e4.ui.internal.workbench.ModelServiceImpl.bringToTop(ModelServiceImpl.java:584)
	at org.eclipse.e4.ui.internal.workbench.PartServiceImpl.delegateBringToTop(PartServiceImpl.java:769)
	at org.eclipse.e4.ui.internal.workbench.PartServiceImpl.bringToTop(PartServiceImpl.java:401)
	at org.eclipse.e4.ui.internal.workbench.PartServiceImpl.showPart(PartServiceImpl.java:1188)
	at org.eclipse.ui.internal.WorkbenchPage.busyOpenEditor(WorkbenchPage.java:3261)
	at org.eclipse.ui.internal.WorkbenchPage.access$25(WorkbenchPage.java:3176)
	at org.eclipse.ui.internal.WorkbenchPage$10.run(WorkbenchPage.java:3158)
	at org.eclipse.swt.custom.BusyIndicator.showWhile(BusyIndicator.java:70)
	at org.eclipse.ui.internal.WorkbenchPage.openEditor(WorkbenchPage.java:3153)
	at org.eclipse.ui.internal.WorkbenchPage.openEditor(WorkbenchPage.java:3117)
	at org.eclipse.ui.internal.WorkbenchPage.openEditor(WorkbenchPage.java:3107)
	at org.eclipse.ui.ide.IDE.openEditor(IDE.java:563)
	at org.eclipse.ui.ide.IDE.openEditor(IDE.java:518)
	at org.eclipse.jdt.internal.ui.javaeditor.EditorUtility.openInEditor(EditorUtility.java:360)
	at org.eclipse.jdt.internal.ui.javaeditor.EditorUtility.openInEditor(EditorUtility.java:167)
	at org.eclipse.jdt.ui.actions.OpenAction.run(OpenAction.java:256)
	at org.eclipse.jdt.ui.actions.OpenAction.run(OpenAction.java:221)
	at org.eclipse.jdt.ui.actions.SelectionDispatchAction.dispatchRun(SelectionDispatchAction.java:271)
	at org.eclipse.jdt.ui.actions.SelectionDispatchAction.run(SelectionDispatchAction.java:249)
	at org.eclipse.jdt.internal.ui.packageview.PackageExplorerActionGroup.handleOpen(PackageExplorerActionGroup.java:379)
	at org.eclipse.jdt.internal.ui.packageview.PackageExplorerPart$4.open(PackageExplorerPart.java:540)
	at org.eclipse.ui.OpenAndLinkWithEditorHelper$InternalListener.open(OpenAndLinkWithEditorHelper.java:46)
	at org.eclipse.jface.viewers.StructuredViewer$2.run(StructuredViewer.java:851)
	at org.eclipse.core.runtime.SafeRunner.run(SafeRunner.java:42)
	at org.eclipse.ui.internal.JFaceUtil.lambda$0(JFaceUtil.java:44)
	at org.eclipse.jface.util.SafeRunnable.run(SafeRunnable.java:173)
	at org.eclipse.jface.viewers.StructuredViewer.fireOpen(StructuredViewer.java:848)
	at org.eclipse.jface.viewers.StructuredViewer.handleOpen(StructuredViewer.java:1163)
	at org.eclipse.jface.util.OpenStrategy.fireOpenEvent(OpenStrategy.java:273)
	at org.eclipse.jface.util.OpenStrategy.access$2(OpenStrategy.java:268)
	at org.eclipse.jface.util.OpenStrategy$1.handleEvent(OpenStrategy.java:308)
	at org.eclipse.swt.widgets.EventTable.sendEvent(EventTable.java:86)
	at org.eclipse.swt.widgets.Display.sendEvent(Display.java:5268)
	at org.eclipse.swt.widgets.Widget.sendEvent(Widget.java:1348)
	at org.eclipse.swt.widgets.Display.runDeferredEvents(Display.java:4522)
	at org.eclipse.swt.widgets.Display.readAndDispatch(Display.java:4107)
	at org.eclipse.e4.ui.internal.workbench.swt.PartRenderingEngine$5.run(PartRenderingEngine.java:1150)
	at org.eclipse.core.databinding.observable.Realm.runWithDefault(Realm.java:336)
	at org.eclipse.e4.ui.internal.workbench.swt.PartRenderingEngine.run(PartRenderingEngine.java:1039)
	at org.eclipse.e4.ui.internal.workbench.E4Workbench.createAndRunUI(E4Workbench.java:153)
	at org.eclipse.ui.internal.Workbench.lambda$3(Workbench.java:680)
	at org.eclipse.core.databinding.observable.Realm.runWithDefault(Realm.java:336)
	at org.eclipse.ui.internal.Workbench.createAndRunWorkbench(Workbench.java:594)
	at org.eclipse.ui.PlatformUI.createAndRunWorkbench(PlatformUI.java:148)
	at org.eclipse.ui.internal.ide.application.IDEApplication.start(IDEApplication.java:151)
	at org.eclipse.equinox.internal.app.EclipseAppHandle.run(EclipseAppHandle.java:196)
	at org.eclipse.core.runtime.internal.adaptor.EclipseAppLauncher.runApplication(EclipseAppLauncher.java:134)
	at org.eclipse.core.runtime.internal.adaptor.EclipseAppLauncher.start(EclipseAppLauncher.java:104)
	at org.eclipse.core.runtime.adaptor.EclipseStarter.run(EclipseStarter.java:388)
	at org.eclipse.core.runtime.adaptor.EclipseStarter.run(EclipseStarter.java:243)
	at sun.reflect.NativeMethodAccessorImpl.invoke0(Native Method)
	at sun.reflect.NativeMethodAccessorImpl.invoke(NativeMethodAccessorImpl.java:62)
	at sun.reflect.DelegatingMethodAccessorImpl.invoke(DelegatingMethodAccessorImpl.java:43)
	at java.lang.reflect.Method.invoke(Method.java:498)
	at org.eclipse.equinox.launcher.Main.invokeFramework(Main.java:653)
	at org.eclipse.equinox.launcher.Main.basicRun(Main.java:590)
	at org.eclipse.equinox.launcher.Main.run(Main.java:1499)
	at org.eclipse.equinox.launcher.Main.main(Main.java:1472)
2019-02-14 15:44:37,961  WARN [main] - ScalaProject - Project PRETTY-PRINTER has platform default sourceLevel.
2019-02-14 15:44:37,962  WARN [main] - ScalaProject - Project PRETTY-PRINTER runs on platform default installation.
2019-02-14 15:44:37,962 ERROR [main] - ScalaProject - Java Model Exception: Java Model Status [PRETTY-PRINTER does not exist]
2019-02-14 15:44:37,962 ERROR [main] - ScalaProject - Java Model Exception: Java Model Status [PRETTY-PRINTER does not exist]
2019-02-14 15:44:38,001 ERROR [main] - org.scala-ide.sdt.core - org.scala-ide.sdt.core - org.scala-ide.sdt.core - 0 - Error thrown while initializing the presentation compiler.
Java Model Exception: Java Model Status [PRETTY-PRINTER does not exist]
	at org.eclipse.jdt.internal.core.JavaElement.newNotPresentException(JavaElement.java:556)
	at org.eclipse.jdt.internal.core.JavaModelManager.getPerProjectInfoCheckExistence(JavaModelManager.java:2451)
	at org.eclipse.jdt.internal.core.JavaProject.getPerProjectInfo(JavaProject.java:1903)
	at org.eclipse.jdt.internal.core.JavaProject.getRawClasspath(JavaProject.java:1925)
	at org.scalaide.core.internal.project.ClasspathManagement.jdkPaths(ClasspathManagement.scala:149)
	at org.scalaide.core.internal.project.ClasspathManagement.jdkPaths$(ClasspathManagement.scala:148)
	at org.scalaide.core.internal.project.ScalaProject.jdkPaths(ScalaProject.scala:150)
	at org.scalaide.core.internal.project.ClasspathManagement.scalaClasspath(ClasspathManagement.scala:136)
	at org.scalaide.core.internal.project.ClasspathManagement.scalaClasspath$(ClasspathManagement.scala:135)
	at org.scalaide.core.internal.project.ScalaProject.scalaClasspath(ScalaProject.scala:150)
	at org.scalaide.core.internal.project.ScalaProject.setupCompilerClasspath(ScalaProject.scala:498)
	at org.scalaide.core.internal.project.ScalaProject.initializeCompilerSettings(ScalaProject.scala:485)
	at org.scalaide.core.internal.project.ScalaProject.prepareCompilerSettings(ScalaProject.scala:438)
	at org.scalaide.core.internal.project.ScalaProject.$anonfun$presentationCompiler$1(ScalaProject.scala:162)
	at org.scalaide.core.internal.compiler.PresentationCompilerProxy.liftedTree1$1(PresentationCompilerProxy.scala:154)
	at org.scalaide.core.internal.compiler.PresentationCompilerProxy.create(PresentationCompilerProxy.scala:153)
	at org.scalaide.core.internal.compiler.PresentationCompilerProxy.initialize(PresentationCompilerProxy.scala:118)
	at org.scalaide.core.internal.compiler.PresentationCompilerProxy.obtainPc$1(PresentationCompilerProxy.scala:80)
	at org.scalaide.core.internal.compiler.PresentationCompilerProxy.internal(PresentationCompilerProxy.scala:100)
	at org.scalaide.core.internal.compiler.PresentationCompilerProxy.apply(PresentationCompilerProxy.scala:58)
	at org.scalaide.core.compiler.InteractiveCompilationUnit.withSourceFile(InteractiveCompilationUnit.scala:201)
	at org.scalaide.core.compiler.InteractiveCompilationUnit.withSourceFile$(InteractiveCompilationUnit.scala:200)
	at org.scalaide.core.internal.jdt.model.ScalaSourceFile.withSourceFile(ScalaSourceFile.scala:71)
	at org.scalaide.core.internal.launching.ScalaLaunchShortcut$.$anonfun$getMainMethods$1(ScalaLaunchShortcut.scala:184)
	at scala.Option.map(Option.scala:146)
	at org.scalaide.core.internal.launching.ScalaLaunchShortcut$.getMainMethods(ScalaLaunchShortcut.scala:180)
	at org.scalaide.core.internal.launching.ScalaLaunchableTester.hasMain(ScalaLaunchableTester.scala:30)
	at org.scalaide.core.internal.launching.ScalaLaunchableTester.test(ScalaLaunchableTester.scala:84)
	at org.eclipse.core.internal.expressions.Property.test(Property.java:58)
	at org.eclipse.core.internal.expressions.TestExpression.evaluate(TestExpression.java:100)
	at org.eclipse.core.internal.expressions.CompositeExpression.evaluateAnd(CompositeExpression.java:51)
	at org.eclipse.core.internal.expressions.AndExpression.evaluate(AndExpression.java:31)
	at org.eclipse.core.internal.expressions.CompositeExpression.evaluateAnd(CompositeExpression.java:51)
	at org.eclipse.core.internal.expressions.IterateExpression.evaluate(IterateExpression.java:160)
	at org.eclipse.core.internal.expressions.CompositeExpression.evaluateAnd(CompositeExpression.java:51)
	at org.eclipse.core.internal.expressions.WithExpression.evaluate(WithExpression.java:75)
	at org.eclipse.core.internal.expressions.CompositeExpression.evaluateAnd(CompositeExpression.java:51)
	at org.eclipse.core.internal.expressions.EnablementExpression.evaluate(EnablementExpression.java:55)
	at org.eclipse.debug.internal.ui.launchConfigurations.LaunchShortcutExtension.evalEnablementExpression(LaunchShortcutExtension.java:281)
	at org.eclipse.debug.ui.actions.ContextualLaunchAction.isApplicable(ContextualLaunchAction.java:287)
	at org.eclipse.debug.ui.actions.ContextualLaunchAction.fillMenu(ContextualLaunchAction.java:218)
	at org.eclipse.debug.ui.actions.ContextualLaunchAction$1.menuShown(ContextualLaunchAction.java:141)
	at org.eclipse.swt.widgets.TypedListener.handleEvent(TypedListener.java:256)
	at org.eclipse.swt.widgets.EventTable.sendEvent(EventTable.java:86)
	at org.eclipse.swt.widgets.Display.sendEvent(Display.java:5268)
	at org.eclipse.swt.widgets.Widget.sendEvent(Widget.java:1348)
	at org.eclipse.swt.widgets.Widget.sendEvent(Widget.java:1374)
	at org.eclipse.swt.widgets.Widget.sendEvent(Widget.java:1357)
	at org.eclipse.swt.widgets.Widget.notifyListeners(Widget.java:1142)
	at org.eclipse.jface.action.ActionContributionItem.copyMenu(ActionContributionItem.java:1242)
	at org.eclipse.jface.action.ActionContributionItem.handleShowProxy(ActionContributionItem.java:1222)
	at org.eclipse.jface.action.ActionContributionItem.lambda$7(ActionContributionItem.java:1185)
	at org.eclipse.swt.widgets.EventTable.sendEvent(EventTable.java:86)
	at org.eclipse.swt.widgets.Display.sendEvent(Display.java:5268)
	at org.eclipse.swt.widgets.Widget.sendEvent(Widget.java:1348)
	at org.eclipse.swt.widgets.Widget.sendEvent(Widget.java:1374)
	at org.eclipse.swt.widgets.Widget.sendEvent(Widget.java:1353)
	at org.eclipse.swt.widgets.Menu.gtk_show(Menu.java:711)
	at org.eclipse.swt.widgets.Widget.windowProc(Widget.java:1925)
	at org.eclipse.swt.widgets.Display.windowProc(Display.java:5522)
	at org.eclipse.swt.internal.gtk.OS._g_main_context_iteration(Native Method)
	at org.eclipse.swt.internal.gtk.OS.g_main_context_iteration(OS.java:2112)
	at org.eclipse.swt.widgets.Display.readAndDispatch(Display.java:4105)
	at org.eclipse.e4.ui.internal.workbench.swt.PartRenderingEngine$5.run(PartRenderingEngine.java:1150)
	at org.eclipse.core.databinding.observable.Realm.runWithDefault(Realm.java:336)
	at org.eclipse.e4.ui.internal.workbench.swt.PartRenderingEngine.run(PartRenderingEngine.java:1039)
	at org.eclipse.e4.ui.internal.workbench.E4Workbench.createAndRunUI(E4Workbench.java:153)
	at org.eclipse.ui.internal.Workbench.lambda$3(Workbench.java:680)
	at org.eclipse.core.databinding.observable.Realm.runWithDefault(Realm.java:336)
	at org.eclipse.ui.internal.Workbench.createAndRunWorkbench(Workbench.java:594)
	at org.eclipse.ui.PlatformUI.createAndRunWorkbench(PlatformUI.java:148)
	at org.eclipse.ui.internal.ide.application.IDEApplication.start(IDEApplication.java:151)
	at org.eclipse.equinox.internal.app.EclipseAppHandle.run(EclipseAppHandle.java:196)
	at org.eclipse.core.runtime.internal.adaptor.EclipseAppLauncher.runApplication(EclipseAppLauncher.java:134)
	at org.eclipse.core.runtime.internal.adaptor.EclipseAppLauncher.start(EclipseAppLauncher.java:104)
	at org.eclipse.core.runtime.adaptor.EclipseStarter.run(EclipseStarter.java:388)
	at org.eclipse.core.runtime.adaptor.EclipseStarter.run(EclipseStarter.java:243)
	at sun.reflect.NativeMethodAccessorImpl.invoke0(Native Method)
	at sun.reflect.NativeMethodAccessorImpl.invoke(NativeMethodAccessorImpl.java:62)
	at sun.reflect.DelegatingMethodAccessorImpl.invoke(DelegatingMethodAccessorImpl.java:43)
	at java.lang.reflect.Method.invoke(Method.java:498)
	at org.eclipse.equinox.launcher.Main.invokeFramework(Main.java:653)
	at org.eclipse.equinox.launcher.Main.basicRun(Main.java:590)
	at org.eclipse.equinox.launcher.Main.run(Main.java:1499)
	at org.eclipse.equinox.launcher.Main.main(Main.java:1472)
2019-02-14 15:45:02,741  WARN [main] - ScalaProject - Project TP_TDD has platform default sourceLevel.
2019-02-14 15:45:02,741  WARN [main] - ScalaProject - Project TP_TDD runs on platform default installation.
2019-02-14 15:47:37,551  WARN [main] - ScalaProject - Project TP_TDD has platform default sourceLevel.
2019-02-14 15:47:37,554  WARN [main] - ScalaProject - Project TP_TDD runs on platform default installation.
2019-02-14 15:47:37,946  WARN [main] - ScalaProject - Project TP_TDD has platform default sourceLevel.
2019-02-14 15:47:37,946  WARN [main] - ScalaProject - Project TP_TDD runs on platform default installation.
2019-02-14 15:47:39,521 ERROR [main] - org.scala-ide.sdt.core - org.scala-ide.sdt.core - org.scala-ide.sdt.core - 0 - scala.reflect.internal.MissingRequirementError: object scala in compiler mirror not found.
2019-02-14 15:47:39,525 ERROR [main] - org.scala-ide.sdt.core - org.scala-ide.sdt.core - org.scala-ide.sdt.core - 0 - scala.reflect.internal.MissingRequirementError: object scala in compiler mirror not found.
2019-02-14 15:47:47,632  WARN [main] - ScalaProject - Project TP_TDD has platform default sourceLevel.
2019-02-14 15:47:47,632  WARN [main] - ScalaProject - Project TP_TDD runs on platform default installation.
2019-02-14 15:47:47,708  WARN [Worker-11] - ScalaProject - Project TP_TDD has platform default sourceLevel.
2019-02-14 15:47:47,727  WARN [Worker-11] - ScalaProject - Project TP_TDD runs on platform default installation.
2019-02-14 15:47:47,751 ERROR [main] - org.scala-ide.sdt.core - org.scala-ide.sdt.core - org.scala-ide.sdt.core - 0 - scala.reflect.internal.MissingRequirementError: object scala in compiler mirror not found.
2019-02-14 15:48:05,705  WARN [main] - ScalaProject - Project TP_TDD has platform default sourceLevel.
2019-02-14 15:48:05,705  WARN [main] - ScalaProject - Project TP_TDD runs on platform default installation.
2019-02-14 15:48:05,732  WARN [main] - ScalaProject - Project TP_TDD has platform default sourceLevel.
2019-02-14 15:48:05,732  WARN [main] - ScalaProject - Project TP_TDD runs on platform default installation.
2019-02-14 15:48:06,115 ERROR [main] - org.scala-ide.sdt.core - org.scala-ide.sdt.core - org.scala-ide.sdt.core - 0 - scala.reflect.internal.MissingRequirementError: object scala in compiler mirror not found.
2019-02-14 15:48:06,116 ERROR [main] - org.scala-ide.sdt.core - org.scala-ide.sdt.core - org.scala-ide.sdt.core - 0 - scala.reflect.internal.MissingRequirementError: object scala in compiler mirror not found.
2019-02-14 15:48:06,794  WARN [main] - ScalaProject - Project TP_TDD has platform default sourceLevel.
2019-02-14 15:48:06,794  WARN [main] - ScalaProject - Project TP_TDD runs on platform default installation.
2019-02-14 15:48:06,868 ERROR [main] - org.scala-ide.sdt.core - org.scala-ide.sdt.core - org.scala-ide.sdt.core - 0 - scala.reflect.internal.MissingRequirementError: object scala in compiler mirror not found.
2019-02-14 15:48:46,689  WARN [ModalContext] - ScalaProject - Project TP_TDD has platform default sourceLevel.
2019-02-14 15:48:46,689  WARN [ModalContext] - ScalaProject - Project TP_TDD runs on platform default installation.
2019-02-14 15:48:46,961  WARN [ModalContext] - ScalaProject - Project TP_TDD has platform default sourceLevel.
2019-02-14 15:48:46,961  WARN [ModalContext] - ScalaProject - Project TP_TDD runs on platform default installation.
2019-02-14 15:48:47,106  WARN [Worker-11] - ScalaProject - Project TP_TDD has platform default sourceLevel.
2019-02-14 15:48:47,107  WARN [Worker-11] - ScalaProject - Project TP_TDD runs on platform default installation.
2019-02-14 15:48:47,368  WARN [Worker-8] - ScalaProject - Project TP_TDD has platform default sourceLevel.
2019-02-14 15:48:47,368  WARN [Worker-8] - ScalaProject - Project TP_TDD runs on platform default installation.
